<?xml version="1.0" encoding="UTF-8"?>
<!-- Generated by org.testng.reporters.JUnitReportReporter -->
<testsuite hostname="LAPTOP-QICNNKNG" failures="0" tests="1" name="com.api.tests.LoginAPITest" time="2.938" errors="0" timestamp="2025-09-12T18:17:56 IST" skipped="0">
  <testcase classname="com.api.tests.LoginAPITest" name="APITest" time="2.938"/>
</testsuite> <!-- com.api.tests.LoginAPITest -->
