<?xml version="1.0" encoding="UTF-8"?>
<!-- Generated by org.testng.reporters.JUnitReportReporter -->
<testsuite hostname="LAPTOP-QICNNKNG" failures="0" tests="1" name="com.api.tests.UserdetailsAPITest" time="2.459" errors="0" timestamp="2025-09-12T18:33:38 IST" skipped="0">
  <testcase classname="com.api.tests.UserdetailsAPITest" name="UserdetailAPI" time="2.459"/>
</testsuite> <!-- com.api.tests.UserdetailsAPITest -->
